/sdf/data/lcls/ds/amo/amo86815/scratch/xtcav_bright_images_61.h5
running amo86815: runs 61
hutch = amo
expnum = 86815
dark image filename = 	/sdf/data/lcls/ds/amo/amo86815/scratch/xtcav_dark_images_68_62_58.h5
using darkruns 68
running:	 exp=amo86815:run=61
[('XrayTransportDiagnostic.0:Opal1000.0', 'xtcav', ''), ('NoDetector.0:Evr.0', '', ''), ('AmoEndstation.0:Acqiris.1', 'ACQ1', ''), ('EBeam', '', ''), ('PhaseCavity', '', ''), ('FEEGasDetEnergy', '', ''), ('AmoEndstation.0:Acqiris.4', 'ACQ4', ''), ('ControlData', '', '')]
working event: 1
working event: 2
working event: 4
working event: 8
working event: 16
working event: 32
working event: 64
working event: 128
working event: 256
working event: 512
working event: 1024
working event: 2048
working event: 4096
working event: 8192
